info it worked if it ends with ok
verbose cli [ 'C:\\Program Files (x86)\\nodejs\\\\node.exe',
verbose cli   'C:\\Program Files (x86)\\nodejs\\node_modules\\npm\\bin\\npm-cli.js',
verbose cli   'start' ]
info using npm@1.1.0-beta-4
info using node@v0.6.6
verbose config file C:\Users\Ryan\.npmrc
verbose config file C:\Program Files (x86)\nodejs\etc\npmrc
verbose config file C:\Program Files (x86)\nodejs\node_modules\npm\npmrc
verbose caching C:\Users\Ryan\projects\pomradery\package.json
verbose loadDefaults application-name@0.0.1
verbose run-script [ 'prestart', 'start', 'poststart' ]
info prestart application-name@0.0.1
info start application-name@0.0.1
verbose unsafe-perm in lifecycle true
silly exec cmd "/c" "node app.js"
silly spawning [ 'cmd',
silly spawning   [ '/c', 'node app.js' ],
silly spawning   'C:\\Users\\Ryan\\projects\\pomradery' ]
info application-name@0.0.1 Failed to exec start script
ERR! application-name@0.0.1 start: `node app.js`
ERR! `cmd "/c" "node app.js"` failed with 1
ERR! 
ERR! Failed at the application-name@0.0.1 start script.
ERR! This is most likely a problem with the application-name package,
ERR! not with npm itself.
ERR! Tell the author that this fails on your system:
ERR!     node app.js
ERR! You can get their info via:
ERR!     npm owner ls application-name
ERR! There is likely additional logging output above.
ERR! 
ERR! System Windows_NT 6.1.7601
ERR! command "C:\\Program Files (x86)\\nodejs\\\\node.exe" "C:\\Program Files (x86)\\nodejs\\node_modules\\npm\\bin\\npm-cli.js" "start"
ERR! cwd C:\Users\Ryan\projects\pomradery
ERR! node -v v0.6.6
ERR! npm -v 1.1.0-beta-4
ERR! code ELIFECYCLE
ERR! message application-name@0.0.1 start: `node app.js`
ERR! message `cmd "/c" "node app.js"` failed with 1
verbose exit [ 1, true ]
